[Licensing::Module] Trying to connect to existing licensing client channel...
Built from '6000.2/respin/6000.2.8f1-e4064264ae96' branch; Version is '6000.2.8f1 (c9992ac36c34) revision 13211946'; Using compiler version '194234433'; Build Type 'Release'
[Licensing::IpcConnector] Successfully connected to: "LicenseClient-glori" at "2025-10-23T10:15:48.0455588Z"
OS: 'Windows 11  (10.0.26200) 64bit Core' Language: 'en' Physical Memory: 14181 MB
BatchMode: 1, IsHumanControllingUs: 0, StartBugReporterOnCrash: 0, Is64bit: 1
Date: 2025-10-23T10:15:48Z

COMMAND LINE ARGUMENTS:
C:\Program Files\Unity\Hub\Editor\6000.2.8f1\Editor\Unity.exe
-adb2
-batchMode
-noUpm
-name
AssetImportWorker3
-projectPath
C:/Users/glori/Downloads/Tanks
-logFile
Logs/AssetImportWorker3.log
-srvPort
61931
-licensingIpc
LicenseClient-glori
-job-worker-count
7
-background-job-worker-count
8
-gc-helper-count
1
-name
AssetImport
Successfully changed project path to: C:/Users/glori/Downloads/Tanks
C:/Users/glori/Downloads/Tanks
[UnityMemory] Configuration Parameters - Can be set up in boot.config
    "memorysetup-allocator-temp-initial-block-size-main=262144"
    "memorysetup-allocator-temp-initial-block-size-worker=262144"
    "memorysetup-bucket-allocator-granularity=16"
    "memorysetup-bucket-allocator-bucket-count=8"
    "memorysetup-bucket-allocator-block-size=33554432"
    "memorysetup-bucket-allocator-block-count=8"
    "memorysetup-main-allocator-block-size=16777216"
    "memorysetup-thread-allocator-block-size=16777216"
    "memorysetup-gfx-main-allocator-block-size=16777216"
    "memorysetup-gfx-thread-allocator-block-size=16777216"
    "memorysetup-cache-allocator-block-size=4194304"
    "memorysetup-typetree-allocator-block-size=2097152"
    "memorysetup-profiler-bucket-allocator-granularity=16"
    "memorysetup-profiler-bucket-allocator-bucket-count=8"
    "memorysetup-profiler-bucket-allocator-block-size=33554432"
    "memorysetup-profiler-bucket-allocator-block-count=8"
    "memorysetup-profiler-allocator-block-size=16777216"
    "memorysetup-profiler-editor-allocator-block-size=1048576"
    "memorysetup-temp-allocator-size-main=16777216"
    "memorysetup-job-temp-allocator-block-size=2097152"
    "memorysetup-job-temp-allocator-block-size-background=1048576"
    "memorysetup-job-temp-allocator-reduction-small-platforms=262144"
    "memorysetup-temp-allocator-size-background-worker=32768"
    "memorysetup-temp-allocator-size-job-worker=262144"
    "memorysetup-temp-allocator-size-preload-manager=33554432"
    "memorysetup-temp-allocator-size-nav-mesh-worker=65536"
    "memorysetup-temp-allocator-size-audio-worker=65536"
    "memorysetup-temp-allocator-size-cloud-worker=32768"
    "memorysetup-temp-allocator-size-gi-baking-worker=262144"
    "memorysetup-temp-allocator-size-gi-baking-worker=262144"
    "memorysetup-temp-allocator-size-gi-baking-worker=262144"
    "memorysetup-temp-allocator-size-gi-baking-worker=262144"
    "memorysetup-temp-allocator-size-gi-baking-worker=262144"
    "memorysetup-temp-allocator-size-gfx=262144"
Player connection [24796]  Target information:

Player connection [24796]  * "[IP] 192.168.56.1 [Port] 0 [Flags] 2 [Guid] 3621569213 [EditorId] 3621569213 [Version] 1048832 [Id] WindowsEditor(7,Gloribelys) [Debug] 1 [PackageName] WindowsEditor [ProjectName] Editor" 

Player connection [24796]  * "[IP] 192.168.245.1 [Port] 0 [Flags] 2 [Guid] 3621569213 [EditorId] 3621569213 [Version] 1048832 [Id] WindowsEditor(7,Gloribelys) [Debug] 1 [PackageName] WindowsEditor [ProjectName] Editor" 

Player connection [24796]  * "[IP] 192.168.127.1 [Port] 0 [Flags] 2 [Guid] 3621569213 [EditorId] 3621569213 [Version] 1048832 [Id] WindowsEditor(7,Gloribelys) [Debug] 1 [PackageName] WindowsEditor [ProjectName] Editor" 

Player connection [24796]  * "[IP] 10.0.0.25 [Port] 0 [Flags] 2 [Guid] 3621569213 [EditorId] 3621569213 [Version] 1048832 [Id] WindowsEditor(7,Gloribelys) [Debug] 1 [PackageName] WindowsEditor [ProjectName] Editor" 

Player connection [24796] Host joined multi-casting on [225.0.0.222:54997]...
Player connection [24796] Host joined alternative multi-casting on [225.0.0.222:34997]...
JobSystem: Creating JobQueue using job-worker-count value 7
Input System module state changed to: Initialized.
[Physics::Module] Initialized fallback backend.
[Physics::Module] Id: 0xdecafbad
[Licensing::Client] Code 10 while verifying Licensing Client signature (process Id: 32144, path: "C:/Program Files/Unity Hub/UnityLicensingClient_V1/Unity.Licensing.Client.exe")
[Licensing::Module] LicensingClient has failed validation; ignoring
[Licensing::Client] Handshaking with LicensingClient:
  Version:                 1.17.3+a4e98f1
  Session Id:              26b13769326c48b8a8e74a8814a4d6ec
  Correlation Id:          d5750e4110baabb48f25671b9004eb7b
  External correlation Id: 3062650344203694948
  Machine Id:              0makdoEHvfCoAeK2lpAhlblvBmE=
[Licensing::Module] Successfully connected to LicensingClient on channel: "LicenseClient-glori" (connect: 0.00s, validation: 0.00s, handshake: 0.09s)
[Licensing::IpcConnector] Successfully connected to: "LicenseClient-glori-notifications" at "2025-10-23T10:15:48.1373651Z"
[Licensing::Module] Licensing Background thread has ended after 0.09s
Library Redirect Path: Library/
[Physics::Module] Selected backend.
[Physics::Module] Name: PhysX
[Physics::Module] Id: 0xf2b8ea05
[Physics::Module] SDK Version: 4.1.2
[Physics::Module] Integration Version: 1.0.0
[Physics::Module] Threading Mode: Multi-Threaded
ETC Legacy compression has been deprecated and will be removed in a future release. You can review compressors in "Project Settings > Editor > Texture Compressors".
Refreshing native plugins compatible for Editor in 11.83 ms, found 2 plugins.
Preloading 0 native plugins for Editor in 0.00 ms.
Initialize engine version: 6000.2.8f1 (c9992ac36c34)
[Subsystems] Discovering subsystems at path C:/Program Files/Unity/Hub/Editor/6000.2.8f1/Editor/Data/Resources/UnitySubsystems
[Subsystems] Discovering subsystems at path C:/Users/glori/Downloads/Tanks/Assets
GfxDevice: creating device client; kGfxThreadingModeNonThreaded
Direct3D:
    Version:  Direct3D 11.0 [level 11.1]
    Renderer: AMD Radeon (TM) Graphics (ID=0x15e7)
    Vendor:   ATI
    VRAM:     7090 MB
    Driver:   31.0.21024.2004
Initialize mono
Mono path[0] = 'C:/Program Files/Unity/Hub/Editor/6000.2.8f1/Editor/Data/Managed'
Mono path[1] = 'C:/Program Files/Unity/Hub/Editor/6000.2.8f1/Editor/Data/MonoBleedingEdge/lib/mono/unityjit-win32'
Mono config path = 'C:/Program Files/Unity/Hub/Editor/6000.2.8f1/Editor/Data/MonoBleedingEdge/etc'
Using monoOptions --debugger-agent=transport=dt_socket,embedding=1,server=y,suspend=n,address=127.0.0.1:56800
Begin MonoManager ReloadAssembly
Registering precompiled unity dll's ...
Register platform support module: C:/Program Files/Unity/Hub/Editor/6000.2.8f1/Editor/Data/PlaybackEngines/WebGLSupport/UnityEditor.WebGL.Extensions.dll
Register platform support module: C:/Program Files/Unity/Hub/Editor/6000.2.8f1/Editor/Data/PlaybackEngines/WindowsStandaloneSupport/UnityEditor.WindowsStandalone.Extensions.dll
Registered in 0.004195 seconds.
- Loaded All Assemblies, in  0.610 seconds
Native extension for WindowsStandalone target not found
Native extension for WebGL target not found
Mono: successfully reloaded assembly
- Finished resetting the current domain, in  0.523 seconds
Domain Reload Profiling: 1129ms
	BeginReloadAssembly (204ms)
		ExecutionOrderSort (0ms)
		DisableScriptedObjects (0ms)
		BackupInstance (0ms)
		ReleaseScriptingObjects (0ms)
		CreateAndSetChildDomain (1ms)
	RebuildCommonClasses (58ms)
	RebuildNativeTypeToScriptingClass (17ms)
	initialDomainReloadingComplete (79ms)
	LoadAllAssembliesAndSetupDomain (248ms)
		LoadAssemblies (198ms)
		RebuildTransferFunctionScriptingTraits (0ms)
		AnalyzeDomain (242ms)
			TypeCache.Refresh (240ms)
				TypeCache.ScanAssembly (221ms)
			BuildScriptInfoCaches (0ms)
			ResolveRequiredComponents (1ms)
	FinalizeReload (524ms)
		ReleaseScriptCaches (0ms)
		RebuildScriptCaches (0ms)
		SetupLoadedEditorAssemblies (473ms)
			LogAssemblyErrors (0ms)
			InitializePlatformSupportModulesInManaged (83ms)
			SetLoadedEditorAssemblies (5ms)
			BeforeProcessingInitializeOnLoad (101ms)
			ProcessInitializeOnLoadAttributes (201ms)
			ProcessInitializeOnLoadMethodAttributes (83ms)
			AfterProcessingInitializeOnLoad (0ms)
			EditorAssembliesLoaded (0ms)
		ExecutionOrderSort2 (0ms)
		AwakeInstancesAfterBackupRestoration (0ms)
========================================================================
Worker process is ready to serve import requests
Import Worker Mode flag is 0x00
Begin MonoManager ReloadAssembly
[Licensing::Client] Successfully resolved entitlement details
[Licensing::Module] License group:
  Id: 4674135884006-UnityPersXXXX
  Product: Unity Personal
  Type: Assigned
  Expiration: Unlimited
Symbol file LoadedFromMemory is not a mono symbol file
- Loaded All Assemblies, in  0.921 seconds
Refreshing native plugins compatible for Editor in 10.51 ms, found 2 plugins.
Native extension for WindowsStandalone target not found
Native extension for WebGL target not found
Refreshing native plugins compatible for Editor in 10.45 ms, found 2 plugins.
Package Manager log level set to [2]
[Package Manager] Failed to launch server process. Reason: Unity was launched with the -noUpm command-line argument
[Package Manager] Unable to send message (not connected to server process).
[Package Manager] Cannot connect to Unity Package Manager local server
Mono: successfully reloaded assembly
- Finished resetting the current domain, in  1.040 seconds
Domain Reload Profiling: 1952ms
	BeginReloadAssembly (274ms)
		ExecutionOrderSort (0ms)
		DisableScriptedObjects (10ms)
		BackupInstance (0ms)
		ReleaseScriptingObjects (0ms)
		CreateAndSetChildDomain (43ms)
	RebuildCommonClasses (55ms)
	RebuildNativeTypeToScriptingClass (17ms)
	initialDomainReloadingComplete (64ms)
	LoadAllAssembliesAndSetupDomain (502ms)
		LoadAssemblies (465ms)
		RebuildTransferFunctionScriptingTraits (0ms)
		AnalyzeDomain (191ms)
			TypeCache.Refresh (143ms)
				TypeCache.ScanAssembly (123ms)
			BuildScriptInfoCaches (41ms)
			ResolveRequiredComponents (4ms)
	FinalizeReload (1041ms)
		ReleaseScriptCaches (0ms)
		RebuildScriptCaches (0ms)
		SetupLoadedEditorAssemblies (872ms)
			LogAssemblyErrors (0ms)
			InitializePlatformSupportModulesInManaged (4ms)
			SetLoadedEditorAssemblies (5ms)
			BeforeProcessingInitializeOnLoad (184ms)
			ProcessInitializeOnLoadAttributes (419ms)
			ProcessInitializeOnLoadMethodAttributes (247ms)
			AfterProcessingInitializeOnLoad (13ms)
			EditorAssembliesLoaded (0ms)
		ExecutionOrderSort2 (0ms)
		AwakeInstancesAfterBackupRestoration (13ms)
ETC Legacy compression has been deprecated and will be removed in a future release. You can review compressors in "Project Settings > Editor > Texture Compressors".
Launched and connected shader compiler UnityShaderCompiler.exe after 0.09 seconds
Refreshing native plugins compatible for Editor in 10.03 ms, found 2 plugins.
Preloading 0 native plugins for Editor in 0.00 ms.
Unloading 12 Unused Serialized files (Serialized files now loaded: 0)
Unloading 3027 unused Assets / (2.8 MB). Loaded Objects now: 3512.
Memory consumption went from 84.3 MB to 81.5 MB.
Total: 14.903300 ms (FindLiveObjects: 0.387000 ms CreateObjectMapping: 0.266400 ms MarkObjects: 12.592100 ms  DeleteObjects: 1.654100 ms)

========================================================================
Received Import Request.
  Time since last request: 62109.076041 seconds.
  path: Assets/Models/BustedTank.fbx
  artifactKey: Guid(8c6d26fe262194242becdec17209d306) Importer(815301076,1909f56bfc062723c751e8b465ee728b)
Start importing Assets/Models/BustedTank.fbx using Guid(8c6d26fe262194242becdec17209d306) Importer(815301076,1909f56bfc062723c751e8b465ee728b) (PreviewImporter) -> (artifact id: 'a141f7f444134fa9b3ed49c33c8b4dd6') in 0.3899433 seconds
Number of updated asset objects reloaded before import = 0Number of asset objects unloaded after import = 8

========================================================================
Received Import Request.
  Time since last request: 0.000048 seconds.
  path: Assets/Models/Cow.fbx
  artifactKey: Guid(961487dad48770a4d867fcbcca1e5950) Importer(815301076,1909f56bfc062723c751e8b465ee728b)
Start importing Assets/Models/Cow.fbx using Guid(961487dad48770a4d867fcbcca1e5950) Importer(815301076,1909f56bfc062723c751e8b465ee728b) (PreviewImporter) -> (artifact id: '5bb00331e483404a4d29b65d41e95153') in 0.0196123 seconds
Number of updated asset objects reloaded before import = 0Number of asset objects unloaded after import = 8

========================================================================
Received Import Request.
  Time since last request: 0.000036 seconds.
  path: Assets/Models/PalmTree.fbx
  artifactKey: Guid(a1194fc0a76098e499948ecf77b6acdf) Importer(815301076,1909f56bfc062723c751e8b465ee728b)
Start importing Assets/Models/PalmTree.fbx using Guid(a1194fc0a76098e499948ecf77b6acdf) Importer(815301076,1909f56bfc062723c751e8b465ee728b) (PreviewImporter) -> (artifact id: '439bbe204d3c6f82f4c5f5fa1e3c80ab') in 0.0190629 seconds
Number of updated asset objects reloaded before import = 0Number of asset objects unloaded after import = 9

========================================================================
Received Import Request.
  Time since last request: 0.000021 seconds.
  path: Assets/Models/Refinery.fbx
  artifactKey: Guid(6e4d8dfe03882c54380948659f725233) Importer(815301076,1909f56bfc062723c751e8b465ee728b)
Start importing Assets/Models/Refinery.fbx using Guid(6e4d8dfe03882c54380948659f725233) Importer(815301076,1909f56bfc062723c751e8b465ee728b) (PreviewImporter) -> (artifact id: 'f57ac728a6b524407d7f9d2e483d9aab') in 0.0187142 seconds
Number of updated asset objects reloaded before import = 0Number of asset objects unloaded after import = 11

========================================================================
Received Import Request.
  Time since last request: 4.930443 seconds.
  path: Assets/Prefabs/PumpJack.prefab
  artifactKey: Guid(0eba80400f16aca4b9dd3354bd2ab01b) Importer(815301076,1909f56bfc062723c751e8b465ee728b)
Start importing Assets/Prefabs/PumpJack.prefab using Guid(0eba80400f16aca4b9dd3354bd2ab01b) Importer(815301076,1909f56bfc062723c751e8b465ee728b) (PreviewImporter) -> (artifact id: '74f818222fef0ca0aca9ea57653a9feb') in 0.029625 seconds
Number of updated asset objects reloaded before import = 0Number of asset objects unloaded after import = 18

========================================================================
Received Import Request.
  Time since last request: 0.000028 seconds.
  path: Assets/Prefabs/TankExplosion.prefab
  artifactKey: Guid(ee49a9a8678ecf8468eb488e1ac8d42b) Importer(815301076,1909f56bfc062723c751e8b465ee728b)
Start importing Assets/Prefabs/TankExplosion.prefab using Guid(ee49a9a8678ecf8468eb488e1ac8d42b) Importer(815301076,1909f56bfc062723c751e8b465ee728b) (PreviewImporter) -> (artifact id: '522b150a0baf1cce17fddc9aebd88ea3') in 0.0294441 seconds
Number of updated asset objects reloaded before import = 0Number of asset objects unloaded after import = 17

========================================================================
Received Import Request.
  Time since last request: 0.000026 seconds.
  path: Assets/Prefabs/Shell.prefab
  artifactKey: Guid(b9fdcff5e1003264f821d25617927160) Importer(815301076,1909f56bfc062723c751e8b465ee728b)
Start importing Assets/Prefabs/Shell.prefab using Guid(b9fdcff5e1003264f821d25617927160) Importer(815301076,1909f56bfc062723c751e8b465ee728b) (PreviewImporter) -> (artifact id: 'eb41750bf3aa0fefb1a30c4505599d23') in 0.0315421 seconds
Number of updated asset objects reloaded before import = 0Number of asset objects unloaded after import = 49

========================================================================
Received Import Request.
  Time since last request: 15.439980 seconds.
  path: Assets/Sprites/Smoke.tif
  artifactKey: Guid(8e2e7f1c0de3a1e4bab7041325aef152) Importer(815301076,1909f56bfc062723c751e8b465ee728b)
Start importing Assets/Sprites/Smoke.tif using Guid(8e2e7f1c0de3a1e4bab7041325aef152) Importer(815301076,1909f56bfc062723c751e8b465ee728b) (PreviewImporter) -> (artifact id: '756c371f76e4ffe9e0cb679b9e63886b') in 0.0362785 seconds
Number of updated asset objects reloaded before import = 0Number of asset objects unloaded after import = 2

========================================================================
Received Import Request.
  Time since last request: 20.759594 seconds.
  path: Assets/Models
  artifactKey: Guid(6f6ed432a84a6894383f9d063e5c1f1f) Importer(2089858483,192608db42251d675da83286b1cce702)
Start importing Assets/Models using Guid(6f6ed432a84a6894383f9d063e5c1f1f) Importer(2089858483,192608db42251d675da83286b1cce702) (ScriptedImporter) -> (artifact id: '8c1278a99573a30ec3a06ecc108698d8') in 0.0975055 seconds
Number of updated asset objects reloaded before import = 0Number of asset objects unloaded after import = 1

========================================================================
Received Import Request.
  Time since last request: 0.000043 seconds.
  path: Assets/Scripts/UI
  artifactKey: Guid(22c7d7ea0e44ffc46936169d62a32f92) Importer(2089858483,192608db42251d675da83286b1cce702)
Start importing Assets/Scripts/UI using Guid(22c7d7ea0e44ffc46936169d62a32f92) Importer(2089858483,192608db42251d675da83286b1cce702) (ScriptedImporter) -> (artifact id: '572a8fd9d6c6da16c08a3e21b0703179') in 0.0078067 seconds
Number of updated asset objects reloaded before import = 0Number of asset objects unloaded after import = 1

========================================================================
Received Import Request.
  Time since last request: 0.000042 seconds.
  path: Assets/Profiles
  artifactKey: Guid(3f5735516e58bc4458ed5c55cb9e5e18) Importer(2089858483,192608db42251d675da83286b1cce702)
Start importing Assets/Profiles using Guid(3f5735516e58bc4458ed5c55cb9e5e18) Importer(2089858483,192608db42251d675da83286b1cce702) (ScriptedImporter) -> (artifact id: '62033929b17e5b169382e36b762114a4') in 0.005297 seconds
Number of updated asset objects reloaded before import = 0Number of asset objects unloaded after import = 1

========================================================================
Received Import Request.
  Time since last request: 0.000058 seconds.
  path: Assets/_Completed-Assets/Prefabs
  artifactKey: Guid(6945bc9f316ec404382059baa89e5a12) Importer(2089858483,192608db42251d675da83286b1cce702)
Start importing Assets/_Completed-Assets/Prefabs using Guid(6945bc9f316ec404382059baa89e5a12) Importer(2089858483,192608db42251d675da83286b1cce702) (ScriptedImporter) -> (artifact id: '52e70681d1da2cad24624397e0a17542') in 0.0056602 seconds
Number of updated asset objects reloaded before import = 0Number of asset objects unloaded after import = 1

========================================================================
Received Import Request.
  Time since last request: 0.000051 seconds.
  path: Assets/Fonts
  artifactKey: Guid(32145277a30f2c840a782ff0c6321632) Importer(2089858483,192608db42251d675da83286b1cce702)
Start importing Assets/Fonts using Guid(32145277a30f2c840a782ff0c6321632) Importer(2089858483,192608db42251d675da83286b1cce702) (ScriptedImporter) -> (artifact id: 'a675b8fa5e69664b7074daa0919957b4') in 0.0056048 seconds
Number of updated asset objects reloaded before import = 0Number of asset objects unloaded after import = 1

========================================================================
Received Import Request.
  Time since last request: 0.000120 seconds.
  path: Assets/TutorialInfo
  artifactKey: Guid(49110bb8dcada46328ad741970bce702) Importer(2089858483,192608db42251d675da83286b1cce702)
Start importing Assets/TutorialInfo using Guid(49110bb8dcada46328ad741970bce702) Importer(2089858483,192608db42251d675da83286b1cce702) (ScriptedImporter) -> (artifact id: 'e992931dd47274ca69b5d2abc0b81cc0') in 0.0051046 seconds
Number of updated asset objects reloaded before import = 0Number of asset objects unloaded after import = 1

========================================================================
Received Import Request.
  Time since last request: 0.000083 seconds.
  path: Assets/Materials/YellowLight.mat
  artifactKey: Guid(2ebf33c8c66048e4392138d1501e6be3) Importer(2089858483,192608db42251d675da83286b1cce702)
Start importing Assets/Materials/YellowLight.mat using Guid(2ebf33c8c66048e4392138d1501e6be3) Importer(2089858483,192608db42251d675da83286b1cce702) (ScriptedImporter) -> (artifact id: '7c7b3c95882a66320735a2769f98cec5') in 0.0827046 seconds
Number of updated asset objects reloaded before import = 0Number of asset objects unloaded after import = 1

========================================================================
Received Import Request.
  Time since last request: 0.000027 seconds.
  path: Assets/Scripts/Tank
  artifactKey: Guid(46e032e6247865441876c868e03138e3) Importer(2089858483,192608db42251d675da83286b1cce702)
Start importing Assets/Scripts/Tank using Guid(46e032e6247865441876c868e03138e3) Importer(2089858483,192608db42251d675da83286b1cce702) (ScriptedImporter) -> (artifact id: '7607919def7bd5db5f3a2bb702d45739') in 0.005543 seconds
Number of updated asset objects reloaded before import = 0Number of asset objects unloaded after import = 1

========================================================================
Received Import Request.
  Time since last request: 0.000056 seconds.
  path: Assets/Scenes
  artifactKey: Guid(69ea5c5aff6131b4cb6055fa1c291d2d) Importer(2089858483,192608db42251d675da83286b1cce702)
Start importing Assets/Scenes using Guid(69ea5c5aff6131b4cb6055fa1c291d2d) Importer(2089858483,192608db42251d675da83286b1cce702) (ScriptedImporter) -> (artifact id: '626abe0cf8bd65849f8fd0070524fd75') in 0.0047843 seconds
Number of updated asset objects reloaded before import = 0Number of asset objects unloaded after import = 1

========================================================================
Received Import Request.
  Time since last request: 0.000071 seconds.
  path: Assets/Fonts/Bowlby_One
  artifactKey: Guid(b14ff24d0c1ad87409c85023c1d71c37) Importer(2089858483,192608db42251d675da83286b1cce702)
Start importing Assets/Fonts/Bowlby_One using Guid(b14ff24d0c1ad87409c85023c1d71c37) Importer(2089858483,192608db42251d675da83286b1cce702) (ScriptedImporter) -> (artifact id: '8c4c32ccabfea3233c13cc4bcb2e50d6') in 0.0057199 seconds
Number of updated asset objects reloaded before import = 0Number of asset objects unloaded after import = 1

========================================================================
Received Import Request.
  Time since last request: 0.000078 seconds.
  path: Assets/_Completed-Assets/Animators
  artifactKey: Guid(e0a5a24639365f2438a199c6b46badfd) Importer(2089858483,192608db42251d675da83286b1cce702)
Start importing Assets/_Completed-Assets/Animators using Guid(e0a5a24639365f2438a199c6b46badfd) Importer(2089858483,192608db42251d675da83286b1cce702) (ScriptedImporter) -> (artifact id: '1c3e33c4035640c251c1e525335b4f49') in 0.0053754 seconds
Number of updated asset objects reloaded before import = 0Number of asset objects unloaded after import = 1

========================================================================
Received Import Request.
  Time since last request: 0.000052 seconds.
  path: Assets/_Completed-Assets
  artifactKey: Guid(63fc0752714adda4d8e46bc93ab6e4b8) Importer(2089858483,192608db42251d675da83286b1cce702)
Start importing Assets/_Completed-Assets using Guid(63fc0752714adda4d8e46bc93ab6e4b8) Importer(2089858483,192608db42251d675da83286b1cce702) (ScriptedImporter) -> (artifact id: '50225c39e6a4d22a2e1906cfab4e31c8') in 0.0060604 seconds
Number of updated asset objects reloaded before import = 0Number of asset objects unloaded after import = 1

========================================================================
Received Import Request.
  Time since last request: 0.000069 seconds.
  path: Assets/Materials/Gold.mat
  artifactKey: Guid(6221f2fbc7212d94cb9c069ee262d824) Importer(2089858483,192608db42251d675da83286b1cce702)
Start importing Assets/Materials/Gold.mat using Guid(6221f2fbc7212d94cb9c069ee262d824) Importer(2089858483,192608db42251d675da83286b1cce702) (ScriptedImporter) -> (artifact id: '6fe683e8e46de13e7d271b848813f887') in 0.0086403 seconds
Number of updated asset objects reloaded before import = 0Number of asset objects unloaded after import = 1

========================================================================
Received Import Request.
  Time since last request: 0.000050 seconds.
  path: Assets/Materials/BuildingMetal.mat
  artifactKey: Guid(e7df269b1d6121e4787b2f27aab18dbe) Importer(2089858483,192608db42251d675da83286b1cce702)
Start importing Assets/Materials/BuildingMetal.mat using Guid(e7df269b1d6121e4787b2f27aab18dbe) Importer(2089858483,192608db42251d675da83286b1cce702) (ScriptedImporter) -> (artifact id: 'b00865f87acadf23d8b079e67ce3aa0b') in 0.0094873 seconds
Number of updated asset objects reloaded before import = 0Number of asset objects unloaded after import = 1

========================================================================
Received Import Request.
  Time since last request: 0.000052 seconds.
  path: Assets/TutorialInfo/Scripts
  artifactKey: Guid(5a9bcd70e6a4b4b05badaa72e827d8e0) Importer(2089858483,192608db42251d675da83286b1cce702)
Start importing Assets/TutorialInfo/Scripts using Guid(5a9bcd70e6a4b4b05badaa72e827d8e0) Importer(2089858483,192608db42251d675da83286b1cce702) (ScriptedImporter) -> (artifact id: '4d5b4c7dbedcbf1653ce9fa483c9146b') in 0.005648 seconds
Number of updated asset objects reloaded before import = 0Number of asset objects unloaded after import = 1

========================================================================
Received Import Request.
  Time since last request: 0.000076 seconds.
  path: Assets/_Completed-Assets/Scripts/UI
  artifactKey: Guid(61f2c7d35ae7e4d47ac6fab776771033) Importer(2089858483,192608db42251d675da83286b1cce702)
Start importing Assets/_Completed-Assets/Scripts/UI using Guid(61f2c7d35ae7e4d47ac6fab776771033) Importer(2089858483,192608db42251d675da83286b1cce702) (ScriptedImporter) -> (artifact id: 'de698cd9271039a2a49208c98b544653') in 0.0067763 seconds
Number of updated asset objects reloaded before import = 0Number of asset objects unloaded after import = 1

========================================================================
Received Import Request.
  Time since last request: 0.000030 seconds.
  path: Assets/_Completed-Assets/Scripts
  artifactKey: Guid(aaae41d289f00a3438f3b6bb50fef4e1) Importer(2089858483,192608db42251d675da83286b1cce702)
Start importing Assets/_Completed-Assets/Scripts using Guid(aaae41d289f00a3438f3b6bb50fef4e1) Importer(2089858483,192608db42251d675da83286b1cce702) (ScriptedImporter) -> (artifact id: '53348470ae2429dc3be6203dcea97b08') in 0.0059595 seconds
Number of updated asset objects reloaded before import = 0Number of asset objects unloaded after import = 1

========================================================================
Received Import Request.
  Time since last request: 0.000025 seconds.
  path: Assets/Prefabs
  artifactKey: Guid(c2d6bea73573c9f4499c64d2b2f5f0ca) Importer(2089858483,192608db42251d675da83286b1cce702)
Start importing Assets/Prefabs using Guid(c2d6bea73573c9f4499c64d2b2f5f0ca) Importer(2089858483,192608db42251d675da83286b1cce702) (ScriptedImporter) -> (artifact id: '376a75a3ab1127aa9872939f8c725754') in 0.0060902 seconds
Number of updated asset objects reloaded before import = 0Number of asset objects unloaded after import = 1

========================================================================
Received Import Request.
  Time since last request: 0.000111 seconds.
  path: Assets/TutorialInfo/Icons
  artifactKey: Guid(8a0c9218a650547d98138cd835033977) Importer(2089858483,192608db42251d675da83286b1cce702)
Start importing Assets/TutorialInfo/Icons using Guid(8a0c9218a650547d98138cd835033977) Importer(2089858483,192608db42251d675da83286b1cce702) (ScriptedImporter) -> (artifact id: '8a219cbcab17ea948d2baceb06835ffa') in 0.0060589 seconds
Number of updated asset objects reloaded before import = 0Number of asset objects unloaded after import = 1

Editor requested this worker to shutdown with reason: Scaling down because of idle timeout
AssetImportWorker is now disconnected from the server
Process exiting
Exiting without the bug reporter. Application will terminate with return code 0